<?xml version="1.0" encoding="UTF-8"?>
<!-- Generated by org.testng.reporters.JUnitXMLReporter -->
<testsuite ignored="0" hostname="ARYA" failures="1" tests="1" name="edgeTest" time="7.749" errors="0" timestamp="2023-10-24T11:11:41 IST">
  <testcase classname="test.Hokmakeuptest" name="hokmakeuptest" time="5.102">
    <failure type="org.openqa.selenium.ElementNotInteractableException" message="element not interactable
  (Session info: MicrosoftEdge=118.0.2088.57)
Build info: version: &amp;apos;4.12.1&amp;apos;, revision: &amp;apos;8e34639b11&amp;apos;
System info: os.name: &amp;apos;Windows 11&amp;apos;, os.arch: &amp;apos;amd64&amp;apos;, os.version: &amp;apos;10.0&amp;apos;, java.version: &amp;apos;17.0.7&amp;apos;
Driver info: org.openqa.selenium.edge.EdgeDriver
Command: [5d4b2ae031b79ac1c2e1744d16ab38bf, clickElement {id=B5116FFA4DED03FCF48B6DA9D721D8A5_element_35}]
Capabilities {acceptInsecureCerts: false, browserName: msedge, browserVersion: 118.0.2088.57, fedcm:accounts: true, ms:edgeOptions: {debuggerAddress: localhost:60163}, msedge: {msedgedriverVersion: 118.0.2088.61 (7eef737ea63b..., userDataDir: C:\Users\HP\AppData\Local\T...}, networkConnectionEnabled: false, pageLoadStrategy: normal, platformName: windows, proxy: Proxy(), se:cdp: ws://localhost:60163/devtoo..., se:cdpVersion: 118.0.2088.57, setWindowRect: true, strictFileInteractability: false, timeouts: {implicit: 0, pageLoad: 300000, script: 30000}, unhandledPromptBehavior: dismiss and notify, webauthn:extension:credBlob: true, webauthn:extension:largeBlob: true, webauthn:extension:minPinLength: true, webauthn:extension:prf: true, webauthn:virtualAuthenticators: true}
Element: [[EdgeDriver: msedge on windows (5d4b2ae031b79ac1c2e1744d16ab38bf)] -&amp;gt; xpath: /html/body/header/div[1]/div[2]/div[6]/div[1]/div]
Session ID: 5d4b2ae031b79ac1c2e1744d16ab38bf">
      <![CDATA[org.openqa.selenium.ElementNotInteractableException: element not interactable
  (Session info: MicrosoftEdge=118.0.2088.57)
Build info: version: '4.12.1', revision: '8e34639b11'
System info: os.name: 'Windows 11', os.arch: 'amd64', os.version: '10.0', java.version: '17.0.7'
Driver info: org.openqa.selenium.edge.EdgeDriver
Command: [5d4b2ae031b79ac1c2e1744d16ab38bf, clickElement {id=B5116FFA4DED03FCF48B6DA9D721D8A5_element_35}]
Capabilities {acceptInsecureCerts: false, browserName: msedge, browserVersion: 118.0.2088.57, fedcm:accounts: true, ms:edgeOptions: {debuggerAddress: localhost:60163}, msedge: {msedgedriverVersion: 118.0.2088.61 (7eef737ea63b..., userDataDir: C:\Users\HP\AppData\Local\T...}, networkConnectionEnabled: false, pageLoadStrategy: normal, platformName: windows, proxy: Proxy(), se:cdp: ws://localhost:60163/devtoo..., se:cdpVersion: 118.0.2088.57, setWindowRect: true, strictFileInteractability: false, timeouts: {implicit: 0, pageLoad: 300000, script: 30000}, unhandledPromptBehavior: dismiss and notify, webauthn:extension:credBlob: true, webauthn:extension:largeBlob: true, webauthn:extension:minPinLength: true, webauthn:extension:prf: true, webauthn:virtualAuthenticators: true}
Element: [[EdgeDriver: msedge on windows (5d4b2ae031b79ac1c2e1744d16ab38bf)] -> xpath: /html/body/header/div[1]/div[2]/div[6]/div[1]/div]
Session ID: 5d4b2ae031b79ac1c2e1744d16ab38bf
at org.openqa.selenium.remote.codec.w3c.W3CHttpResponseCodec.createException(W3CHttpResponseCodec.java:200)
at org.openqa.selenium.remote.codec.w3c.W3CHttpResponseCodec.decode(W3CHttpResponseCodec.java:133)
at org.openqa.selenium.remote.codec.w3c.W3CHttpResponseCodec.decode(W3CHttpResponseCodec.java:52)
at org.openqa.selenium.remote.HttpCommandExecutor.execute(HttpCommandExecutor.java:191)
at org.openqa.selenium.remote.service.DriverCommandExecutor.invokeExecute(DriverCommandExecutor.java:196)
at org.openqa.selenium.remote.service.DriverCommandExecutor.execute(DriverCommandExecutor.java:171)
at org.openqa.selenium.remote.RemoteWebDriver.execute(RemoteWebDriver.java:602)
at org.openqa.selenium.remote.RemoteWebElement.execute(RemoteWebElement.java:224)
at org.openqa.selenium.remote.RemoteWebElement.click(RemoteWebElement.java:77)
at org.openqa.selenium.support.pagefactory.internal.LocatingElementHandler.invoke(LocatingElementHandler.java:51)
at jdk.proxy2/jdk.proxy2.$Proxy16.click(Unknown Source)
at page.Accountcreation.accountcreation(Accountcreation.java:20)
at test.Hokmakeuptest.hokmakeuptest(Hokmakeuptest.java:38)
at java.base/java.util.ArrayList.forEach(ArrayList.java:1511)
... Removed 36 stack frames]]>
    </failure>
  </testcase> <!-- hokmakeuptest -->
</testsuite> <!-- edgeTest -->
